[9884:12072:0926/094425.788:VERBOSE1:crash_service_main.cc(78)] Session start. cmdline is [--reporter-url=https://crashreporter.atom.io --application-name=Atom "--crashes-directory=C:\cygwin64\tmp\Atom Crashes" --v=1]
[9884:12072:0926/094425.788:VERBOSE1:crash_service.cc(142)] window handle is 00000000000303A2
[9884:12072:0926/094425.788:VERBOSE1:crash_service.cc(284)] pipe name is \\.\pipe\Atom Crash Service
dumps at C:\cygwin64\tmp\Atom Crashes
[9884:12072:0926/094425.788:VERBOSE1:crash_service.cc(288)] checkpoint is C:\cygwin64\tmp\Atom Crashes\crash_checkpoint.txt
server is https://crashreporter.atom.io
maximum 128 reports/day
reporter is electron-crash-service
[9884:12072:0926/094425.788:VERBOSE1:crash_service_main.cc(94)] Ready to process crash requests
[9884:8068:0926/094425.788:VERBOSE1:crash_service.cc(317)] client start. pid = 11136
[9884:8068:0926/094426.798:VERBOSE1:crash_service.cc(317)] client start. pid = 5656
[8616:8440:0926/094426.816:VERBOSE1:crash_service_main.cc(78)] Session start. cmdline is [--reporter-url=https://crashreporter.atom.io --application-name=Atom "--crashes-directory=C:\cygwin64\tmp\Atom Crashes" --v=1]
[8616:8440:0926/094426.818:VERBOSE1:crash_service.cc(142)] window handle is 00000000000301D8
[8616:8440:0926/094426.818:VERBOSE1:crash_service.cc(284)] pipe name is \\.\pipe\Atom Crash Service
dumps at C:\cygwin64\tmp\Atom Crashes
[8616:8440:0926/094426.818:VERBOSE1:crash_service.cc(288)] checkpoint is C:\cygwin64\tmp\Atom Crashes\crash_checkpoint.txt
server is https://crashreporter.atom.io
maximum 128 reports/day
reporter is electron-crash-service
[8616:8440:0926/094426.818:ERROR:crash_service.cc(295)] could not start dumper
[9884:10692:0926/100638.847:VERBOSE1:crash_service.cc(325)] client end. pid = 11136
[9884:10692:0926/100638.861:VERBOSE1:crash_service.cc(325)] client end. pid = 5656
[9884:10692:0926/100639.867:VERBOSE1:crash_service.cc(346)] zero clients. exiting
[9884:12072:0926/100639.867:VERBOSE1:crash_service.cc(486)] session ending..
[9884:12072:0926/100639.867:VERBOSE1:crash_service.cc(491)] clients connected :2
clients terminated :2
dumps serviced :0
dumps reported :0
[9884:12072:0926/100639.867:VERBOSE1:crash_service_main.cc(99)] Session end. return code is 0
[12208:8224:0926/120121.287:VERBOSE1:crash_service_main.cc(78)] Session start. cmdline is [--reporter-url=https://crashreporter.atom.io --application-name=Atom "--crashes-directory=C:\cygwin64\tmp\Atom Crashes" --v=1]
[12208:8224:0926/120121.303:VERBOSE1:crash_service.cc(142)] window handle is 00000000000903F0
[12208:8224:0926/120121.303:VERBOSE1:crash_service.cc(284)] pipe name is \\.\pipe\Atom Crash Service
dumps at C:\cygwin64\tmp\Atom Crashes
[12208:8224:0926/120121.303:VERBOSE1:crash_service.cc(288)] checkpoint is C:\cygwin64\tmp\Atom Crashes\crash_checkpoint.txt
server is https://crashreporter.atom.io
maximum 128 reports/day
reporter is electron-crash-service
[12208:8224:0926/120121.303:VERBOSE1:crash_service_main.cc(94)] Ready to process crash requests
[12208:7676:0926/120121.303:VERBOSE1:crash_service.cc(317)] client start. pid = 7448
[12208:7676:0926/120122.433:VERBOSE1:crash_service.cc(317)] client start. pid = 7144
[10448:2580:0926/120122.452:VERBOSE1:crash_service_main.cc(78)] Session start. cmdline is [--reporter-url=https://crashreporter.atom.io --application-name=Atom "--crashes-directory=C:\cygwin64\tmp\Atom Crashes" --v=1]
[10448:2580:0926/120122.454:VERBOSE1:crash_service.cc(142)] window handle is 0000000000020636
[10448:2580:0926/120122.454:VERBOSE1:crash_service.cc(284)] pipe name is \\.\pipe\Atom Crash Service
dumps at C:\cygwin64\tmp\Atom Crashes
[10448:2580:0926/120122.454:VERBOSE1:crash_service.cc(288)] checkpoint is C:\cygwin64\tmp\Atom Crashes\crash_checkpoint.txt
server is https://crashreporter.atom.io
maximum 128 reports/day
reporter is electron-crash-service
[10448:2580:0926/120122.454:ERROR:crash_service.cc(295)] could not start dumper
[12208:2212:0926/123310.675:VERBOSE1:crash_service.cc(325)] client end. pid = 7448
[12208:2212:0926/123310.692:VERBOSE1:crash_service.cc(325)] client end. pid = 7144
[12208:2212:0926/123311.694:VERBOSE1:crash_service.cc(346)] zero clients. exiting
[12208:8224:0926/123311.694:VERBOSE1:crash_service.cc(486)] session ending..
[12208:8224:0926/123311.694:VERBOSE1:crash_service.cc(491)] clients connected :2
clients terminated :2
dumps serviced :0
dumps reported :0
[12208:8224:0926/123311.694:VERBOSE1:crash_service_main.cc(99)] Session end. return code is 0
