[6740:7652:0924/105450.377:VERBOSE1:crash_service_main.cc(78)] Session start. cmdline is [--reporter-url=https://crashreporter.atom.io --application-name=Atom "--crashes-directory=C:\cygwin64\tmp\Atom Crashes" --v=1]
[6740:7652:0924/105450.377:VERBOSE1:crash_service.cc(142)] window handle is 0000000000070456
[6740:7652:0924/105450.377:VERBOSE1:crash_service.cc(284)] pipe name is \\.\pipe\Atom Crash Service
dumps at C:\cygwin64\tmp\Atom Crashes
[6740:7652:0924/105450.377:VERBOSE1:crash_service.cc(288)] checkpoint is C:\cygwin64\tmp\Atom Crashes\crash_checkpoint.txt
server is https://crashreporter.atom.io
maximum 128 reports/day
reporter is electron-crash-service
[6740:7652:0924/105450.377:VERBOSE1:crash_service_main.cc(94)] Ready to process crash requests
[6740:2188:0924/105450.377:VERBOSE1:crash_service.cc(317)] client start. pid = 4764
[6740:2188:0924/105451.302:VERBOSE1:crash_service.cc(317)] client start. pid = 1776
[11028:11708:0924/105451.324:VERBOSE1:crash_service_main.cc(78)] Session start. cmdline is [--reporter-url=https://crashreporter.atom.io --application-name=Atom "--crashes-directory=C:\cygwin64\tmp\Atom Crashes" --v=1]
[11028:11708:0924/105451.326:VERBOSE1:crash_service.cc(142)] window handle is 00000000000D0398
[11028:11708:0924/105451.327:VERBOSE1:crash_service.cc(284)] pipe name is \\.\pipe\Atom Crash Service
dumps at C:\cygwin64\tmp\Atom Crashes
[11028:11708:0924/105451.327:VERBOSE1:crash_service.cc(288)] checkpoint is C:\cygwin64\tmp\Atom Crashes\crash_checkpoint.txt
server is https://crashreporter.atom.io
maximum 128 reports/day
reporter is electron-crash-service
[11028:11708:0924/105451.327:ERROR:crash_service.cc(295)] could not start dumper
[6740:6472:0924/110234.800:VERBOSE1:crash_service.cc(325)] client end. pid = 4764
[6740:6472:0924/110234.816:VERBOSE1:crash_service.cc(325)] client end. pid = 1776
[6740:6472:0924/110235.830:VERBOSE1:crash_service.cc(346)] zero clients. exiting
[6740:7652:0924/110235.830:VERBOSE1:crash_service.cc(486)] session ending..
[6740:7652:0924/110235.830:VERBOSE1:crash_service.cc(491)] clients connected :2
clients terminated :2
dumps serviced :0
dumps reported :0
[6740:7652:0924/110235.830:VERBOSE1:crash_service_main.cc(99)] Session end. return code is 0
