[844:6176:0924/103544.015:VERBOSE1:crash_service_main.cc(78)] Session start. cmdline is [--reporter-url=https://crashreporter.atom.io --application-name=Atom "--crashes-directory=C:\cygwin64\tmp\Atom Crashes" --v=1]
[844:6176:0924/103544.015:VERBOSE1:crash_service.cc(142)] window handle is 000000000005025E
[844:6176:0924/103544.015:VERBOSE1:crash_service.cc(284)] pipe name is \\.\pipe\Atom Crash Service
dumps at C:\cygwin64\tmp\Atom Crashes
[844:6176:0924/103544.015:VERBOSE1:crash_service.cc(288)] checkpoint is C:\cygwin64\tmp\Atom Crashes\crash_checkpoint.txt
server is https://crashreporter.atom.io
maximum 128 reports/day
reporter is electron-crash-service
[844:6176:0924/103544.015:VERBOSE1:crash_service_main.cc(94)] Ready to process crash requests
[844:12040:0924/103544.015:VERBOSE1:crash_service.cc(317)] client start. pid = 5328
[844:12040:0924/103544.954:VERBOSE1:crash_service.cc(317)] client start. pid = 11992
[12200:9940:0924/103544.975:VERBOSE1:crash_service_main.cc(78)] Session start. cmdline is [--reporter-url=https://crashreporter.atom.io --application-name=Atom "--crashes-directory=C:\cygwin64\tmp\Atom Crashes" --v=1]
[12200:9940:0924/103544.977:VERBOSE1:crash_service.cc(142)] window handle is 0000000000030352
[12200:9940:0924/103544.977:VERBOSE1:crash_service.cc(284)] pipe name is \\.\pipe\Atom Crash Service
dumps at C:\cygwin64\tmp\Atom Crashes
[12200:9940:0924/103544.977:VERBOSE1:crash_service.cc(288)] checkpoint is C:\cygwin64\tmp\Atom Crashes\crash_checkpoint.txt
server is https://crashreporter.atom.io
maximum 128 reports/day
reporter is electron-crash-service
[12200:9940:0924/103544.978:ERROR:crash_service.cc(295)] could not start dumper
[844:4612:0924/104239.136:VERBOSE1:crash_service.cc(325)] client end. pid = 5328
[844:4612:0924/104239.136:VERBOSE1:crash_service.cc(325)] client end. pid = 11992
[844:4612:0924/104240.153:VERBOSE1:crash_service.cc(346)] zero clients. exiting
[844:6176:0924/104240.153:VERBOSE1:crash_service.cc(486)] session ending..
[844:6176:0924/104240.153:VERBOSE1:crash_service.cc(491)] clients connected :2
clients terminated :2
dumps serviced :0
dumps reported :0
[844:6176:0924/104240.153:VERBOSE1:crash_service_main.cc(99)] Session end. return code is 0
